<?xml version="1.0" encoding="UTF-8"?>
<!-- Generated by org.testng.reporters.JUnitXMLReporter -->
<testsuite ignored="0" hostname="WPF45D05X" failures="0" tests="6" name="Test with Groups" time="95.073" errors="0" timestamp="2025-02-01T11:00:32 IST">
  <testcase classname="qaSDET.testCases.TC_AccountRegistrationTest" name="verify_Account_Registration" time="1.519"/>
  <testcase classname="qaSDET.testCases.TC_LoginTest" name="verify_login" time="1.089"/>
  <testcase classname="qaSDET.testCases.TC_LoginDDTTest" name="verify_login" time="4.289"/>
  <testcase classname="qaSDET.testCases.TC_LoginDDTTest" name="verify_login" time="33.905"/>
  <testcase classname="qaSDET.testCases.TC_LoginDDTTest" name="verify_login" time="33.919"/>
  <testcase classname="qaSDET.testCases.TC_LoginDDTTest" name="verify_login" time="4.343"/>
</testsuite> <!-- Test with Groups -->
