<?xml version="1.0" encoding="UTF-8"?>
<!-- Generated by org.testng.reporters.JUnitXMLReporter -->
<testsuite ignored="0" hostname="WPF45D05X" failures="1" tests="2" name="Test" time="11.487" errors="0" timestamp="2024-11-30T20:44:46 IST">
  <testcase classname="testCases.TC_AccountRegistrationTest" name="verify_Account_Registration" time="2.008">
    <failure type="java.lang.AssertionError" message="expected [true] but found [false]">
      <![CDATA[java.lang.AssertionError: expected [true] but found [false]
at testCases.TC_AccountRegistrationTest.verify_Account_Registration(TC_AccountRegistrationTest.java:47)
at java.base/java.util.ArrayList.forEach(ArrayList.java:1597)
... Removed 29 stack frames]]>
    </failure>
  </testcase> <!-- verify_Account_Registration -->
  <testcase classname="testCases.TC_LoginTest" name="verify_login" time="1.124"/>
</testsuite> <!-- Test -->
