<?xml version="1.0" encoding="UTF-8"?>
<!-- Generated by org.testng.reporters.JUnitXMLReporter -->
<testsuite ignored="0" hostname="WPF45D05X" failures="1" tests="2" name="Test" time="35.136" errors="0" timestamp="2025-02-01T10:44:25 IST">
  <testcase classname="qaSDET.testCases.TC_AccountRegistrationTest" name="verify_Account_Registration" time="2.565"/>
  <testcase classname="qaSDET.testCases.TC_LoginTest" name="verify_login" time="2.363">
    <failure type="java.lang.AssertionError" message="Login Failed expected [false] but found [true]">
      <![CDATA[java.lang.AssertionError: Login Failed expected [false] but found [true]
at qaSDET.testCases.TC_LoginTest.verify_login(TC_LoginTest.java:34)
at java.base/java.util.ArrayList.forEach(ArrayList.java:1597)
... Removed 28 stack frames]]>
    </failure>
  </testcase> <!-- verify_login -->
</testsuite> <!-- Test -->
