<?xml version="1.0" encoding="UTF-8"?>
<!-- Generated by org.testng.reporters.JUnitXMLReporter -->
<testsuite ignored="5" hostname="WPF45D05X" failures="0" tests="3" name="GroupingTest" time="0.048" errors="0" timestamp="2024-11-21T16:38:36 IST">
  <testcase classname="testngintegration.grouping.LoginTest" name="testLoginByEmail" time="0.011"/>
  <testcase classname="testngintegration.grouping.LoginTest" name="testLoginByFB" time="0.001"/>
  <testcase classname="testngintegration.grouping.LoginTest" name="testLoginByGH" time="0.001"/>
  <testcase classname="testngintegration.grouping.SignUpTests" name="testSignUpByGH" time="0.0">
    <ignored/>
  </testcase> <!-- testSignUpByGH -->
  <testcase classname="testngintegration.grouping.SignUpTests" name="testLSignUpByFB" time="0.0">
    <ignored/>
  </testcase> <!-- testLSignUpByFB -->
  <testcase classname="testngintegration.grouping.PaymentsTest" name="testpaymentInDollars" time="0.0">
    <ignored/>
  </testcase> <!-- testpaymentInDollars -->
  <testcase classname="testngintegration.grouping.SignUpTests" name="testSignUpByEmail" time="0.0">
    <ignored/>
  </testcase> <!-- testSignUpByEmail -->
  <testcase classname="testngintegration.grouping.PaymentsTest" name="testpaymentInRupees" time="0.0">
    <ignored/>
  </testcase> <!-- testpaymentInRupees -->
</testsuite> <!-- GroupingTest -->
