<?xml version="1.0" encoding="UTF-8"?>
<!-- Generated by org.testng.reporters.JUnitXMLReporter -->
<testsuite ignored="0" hostname="WPF45D05X" failures="0" tests="3" name="EdgeTest" time="10.447" errors="0" timestamp="2024-11-22T11:33:55 IST">
  <testcase classname="testngintegration.paralleltesting.ParamTest" name="testLogo" time="0.047"/>
  <testcase classname="testngintegration.paralleltesting.ParamTest" name="testTitle" time="0.01"/>
  <testcase classname="testngintegration.paralleltesting.ParamTest" name="testURL" time="0.008"/>
</testsuite> <!-- EdgeTest -->
