<?xml version="1.0" encoding="UTF-8"?>
<!-- Generated by org.testng.reporters.JUnitXMLReporter -->
<testsuite ignored="0" hostname="WPF45D05X" failures="0" tests="4" name="Test SuccessFul Transactions" time="44.882" errors="0" timestamp="2025-02-04T10:12:13 IST">
  <testcase classname="rs_StandAloneTest.TC_02_TestSubmitOrderUpdated" name="testSubmitOrder" time="3.701"/>
  <testcase classname="rs_StandAloneTest.TC_02_TestSubmitOrderUpdated" name="testSubmitOrder" time="16.652"/>
  <testcase classname="rs_StandAloneTest.TC_02_TestSubmitOrderUpdated" name="OrderHistoryTest" time="1.437"/>
  <testcase classname="rs_StandAloneTest.TC_02_TestSubmitOrderUpdated" name="OrderHistoryTest" time="1.122"/>
</testsuite> <!-- Test SuccessFul Transactions -->
