<?xml version="1.0" encoding="UTF-8"?>
<!-- Generated by org.testng.reporters.JUnitXMLReporter -->
<testsuite ignored="0" hostname="WPF45D05X" failures="3" tests="9" name="Test SuccessFul Transactions" time="73.267" errors="0" timestamp="2025-01-28T16:10:00 IST">
  <testcase classname="rs_StandAloneTest.TC_02_TestSubmitOrderUpdated" name="testSubmitOrder" time="1.931">
    <failure type="org.openqa.selenium.ElementClickInterceptedException" message="element click intercepted: Element &amp;lt;button _ngcontent-sfc-c33=&amp;quot;&amp;quot; routerlink=&amp;quot;/dashboard/cart&amp;quot; class=&amp;quot;btn btn-custom&amp;quot; style=&amp;quot;margin-top: -10px;&amp;quot; tabindex=&amp;quot;0&amp;quot;&amp;gt;...&amp;lt;/button&amp;gt; is not clickable at point (1284, 27). Other element would receive the click: &amp;lt;div _ngcontent-sfc-c31=&amp;quot;&amp;quot; class=&amp;quot;ngx-spinner-overlay ng-tns-c31-1 ng-trigger ng-trigger-fadeIn ng-star-inserted&amp;quot; style=&amp;quot;background-color: rgba(51, 51, 51, 0.8); z-index: 99999; position: fixed; opacity: 1;&amp;quot;&amp;gt;...&amp;lt;/div&amp;gt;
  (Session info: chrome=132.0.6834.111)
Build info: version: &amp;apos;4.12.1&amp;apos;, revision: &amp;apos;8e34639b11&amp;apos;
System info: os.name: &amp;apos;Windows 11&amp;apos;, os.arch: &amp;apos;amd64&amp;apos;, os.version: &amp;apos;10.0&amp;apos;, java.version: &amp;apos;23.0.1&amp;apos;
Driver info: org.openqa.selenium.chrome.ChromeDriver
Command: [8e1d2316f35f575cf17ae99a557e1902, clickElement {id=f.3B08A64D862EF5949F7C3D57D1C0C81A.d.E6A6E28F269DCCB41FDCE699DFE89558.e.89}]
Capabilities {acceptInsecureCerts: false, browserName: chrome, browserVersion: 132.0.6834.111, chrome: {chromedriverVersion: 132.0.6834.110 (df453a35f09..., userDataDir: C:\Users\raooosub\AppData\L...}, fedcm:accounts: true, goog:chromeOptions: {debuggerAddress: localhost:54210}, networkConnectionEnabled: false, pageLoadStrategy: normal, platformName: windows, proxy: Proxy(), se:cdp: ws://localhost:54210/devtoo..., se:cdpVersion: 132.0.6834.111, setWindowRect: true, strictFileInteractability: false, timeouts: {implicit: 0, pageLoad: 300000, script: 30000}, unhandledPromptBehavior: dismiss and notify, webauthn:extension:credBlob: true, webauthn:extension:largeBlob: true, webauthn:extension:minPinLength: true, webauthn:extension:prf: true, webauthn:virtualAuthenticators: true}
Element: [[ChromeDriver: chrome on windows (8e1d2316f35f575cf17ae99a557e1902)] -&amp;gt; css selector: [routerlink*=&amp;apos;cart&amp;apos;]]
Session ID: 8e1d2316f35f575cf17ae99a557e1902">
      <![CDATA[org.openqa.selenium.ElementClickInterceptedException: element click intercepted: Element <button _ngcontent-sfc-c33="" routerlink="/dashboard/cart" class="btn btn-custom" style="margin-top: -10px;" tabindex="0">...</button> is not clickable at point (1284, 27). Other element would receive the click: <div _ngcontent-sfc-c31="" class="ngx-spinner-overlay ng-tns-c31-1 ng-trigger ng-trigger-fadeIn ng-star-inserted" style="background-color: rgba(51, 51, 51, 0.8); z-index: 99999; position: fixed; opacity: 1;">...</div>
  (Session info: chrome=132.0.6834.111)
Build info: version: '4.12.1', revision: '8e34639b11'
System info: os.name: 'Windows 11', os.arch: 'amd64', os.version: '10.0', java.version: '23.0.1'
Driver info: org.openqa.selenium.chrome.ChromeDriver
Command: [8e1d2316f35f575cf17ae99a557e1902, clickElement {id=f.3B08A64D862EF5949F7C3D57D1C0C81A.d.E6A6E28F269DCCB41FDCE699DFE89558.e.89}]
Capabilities {acceptInsecureCerts: false, browserName: chrome, browserVersion: 132.0.6834.111, chrome: {chromedriverVersion: 132.0.6834.110 (df453a35f09..., userDataDir: C:\Users\raooosub\AppData\L...}, fedcm:accounts: true, goog:chromeOptions: {debuggerAddress: localhost:54210}, networkConnectionEnabled: false, pageLoadStrategy: normal, platformName: windows, proxy: Proxy(), se:cdp: ws://localhost:54210/devtoo..., se:cdpVersion: 132.0.6834.111, setWindowRect: true, strictFileInteractability: false, timeouts: {implicit: 0, pageLoad: 300000, script: 30000}, unhandledPromptBehavior: dismiss and notify, webauthn:extension:credBlob: true, webauthn:extension:largeBlob: true, webauthn:extension:minPinLength: true, webauthn:extension:prf: true, webauthn:virtualAuthenticators: true}
Element: [[ChromeDriver: chrome on windows (8e1d2316f35f575cf17ae99a557e1902)] -> css selector: [routerlink*='cart']]
Session ID: 8e1d2316f35f575cf17ae99a557e1902
at org.openqa.selenium.remote.codec.w3c.W3CHttpResponseCodec.createException(W3CHttpResponseCodec.java:200)
at org.openqa.selenium.remote.codec.w3c.W3CHttpResponseCodec.decode(W3CHttpResponseCodec.java:133)
at org.openqa.selenium.remote.codec.w3c.W3CHttpResponseCodec.decode(W3CHttpResponseCodec.java:52)
at org.openqa.selenium.remote.HttpCommandExecutor.execute(HttpCommandExecutor.java:191)
at org.openqa.selenium.remote.service.DriverCommandExecutor.invokeExecute(DriverCommandExecutor.java:196)
at org.openqa.selenium.remote.service.DriverCommandExecutor.execute(DriverCommandExecutor.java:171)
at org.openqa.selenium.remote.RemoteWebDriver.execute(RemoteWebDriver.java:602)
at org.openqa.selenium.remote.RemoteWebElement.execute(RemoteWebElement.java:224)
at org.openqa.selenium.remote.RemoteWebElement.click(RemoteWebElement.java:77)
at org.openqa.selenium.support.pagefactory.internal.LocatingElementHandler.invoke(LocatingElementHandler.java:51)
at jdk.proxy2/jdk.proxy2.$Proxy33.click(Unknown Source)
at rs_AbstractComponents.AbstractComponent.goToCartPage(AbstractComponent.java:51)
at rs_StandAloneTest.TC_02_TestSubmitOrderUpdated.testSubmitOrder(TC_02_TestSubmitOrderUpdated.java:30)
at java.base/java.util.ArrayList.forEach(ArrayList.java:1597)
... Removed 30 stack frames]]>
    </failure>
  </testcase> <!-- testSubmitOrder -->
  <testcase classname="rs_StandAloneTest.TC_02_TestSubmitOrderUpdated" name="testSubmitOrder" time="15.178"/>
  <testcase classname="rs_StandAloneTest.TC_02_TestSubmitOrderUpdated" name="OrderHistoryTest" time="0.0">
    <skipped/>
  </testcase> <!-- OrderHistoryTest -->
  <testcase classname="rs_StandAloneTest.TC_04_TestSubmitOrderWithHashMapData" name="testSubmitOrder" time="14.743"/>
  <testcase classname="rs_StandAloneTest.TC_04_TestSubmitOrderWithHashMapData" name="testSubmitOrder" time="2.043">
    <failure type="org.openqa.selenium.ElementClickInterceptedException" message="element click intercepted: Element &amp;lt;button _ngcontent-hdp-c33=&amp;quot;&amp;quot; routerlink=&amp;quot;/dashboard/cart&amp;quot; class=&amp;quot;btn btn-custom&amp;quot; style=&amp;quot;margin-top: -10px;&amp;quot; tabindex=&amp;quot;0&amp;quot;&amp;gt;...&amp;lt;/button&amp;gt; is not clickable at point (1284, 27). Other element would receive the click: &amp;lt;div _ngcontent-hdp-c31=&amp;quot;&amp;quot; class=&amp;quot;ngx-spinner-overlay ng-tns-c31-1 ng-trigger ng-trigger-fadeIn ng-star-inserted ng-animating&amp;quot; style=&amp;quot;background-color: rgba(51, 51, 51, 0.8); z-index: 99999; position: fixed;&amp;quot;&amp;gt;...&amp;lt;/div&amp;gt;
  (Session info: chrome=132.0.6834.111)
Build info: version: &amp;apos;4.12.1&amp;apos;, revision: &amp;apos;8e34639b11&amp;apos;
System info: os.name: &amp;apos;Windows 11&amp;apos;, os.arch: &amp;apos;amd64&amp;apos;, os.version: &amp;apos;10.0&amp;apos;, java.version: &amp;apos;23.0.1&amp;apos;
Driver info: org.openqa.selenium.chrome.ChromeDriver
Command: [255f023abb83cd91b0cfda96f6569ab7, clickElement {id=f.3F2146B5282EEFC724D69A101CBC0F87.d.66E1AD5A134F915F46CF52B44C1F70B6.e.90}]
Capabilities {acceptInsecureCerts: false, browserName: chrome, browserVersion: 132.0.6834.111, chrome: {chromedriverVersion: 132.0.6834.110 (df453a35f09..., userDataDir: C:\Users\raooosub\AppData\L...}, fedcm:accounts: true, goog:chromeOptions: {debuggerAddress: localhost:54315}, networkConnectionEnabled: false, pageLoadStrategy: normal, platformName: windows, proxy: Proxy(), se:cdp: ws://localhost:54315/devtoo..., se:cdpVersion: 132.0.6834.111, setWindowRect: true, strictFileInteractability: false, timeouts: {implicit: 0, pageLoad: 300000, script: 30000}, unhandledPromptBehavior: dismiss and notify, webauthn:extension:credBlob: true, webauthn:extension:largeBlob: true, webauthn:extension:minPinLength: true, webauthn:extension:prf: true, webauthn:virtualAuthenticators: true}
Element: [[ChromeDriver: chrome on windows (255f023abb83cd91b0cfda96f6569ab7)] -&amp;gt; css selector: [routerlink*=&amp;apos;cart&amp;apos;]]
Session ID: 255f023abb83cd91b0cfda96f6569ab7">
      <![CDATA[org.openqa.selenium.ElementClickInterceptedException: element click intercepted: Element <button _ngcontent-hdp-c33="" routerlink="/dashboard/cart" class="btn btn-custom" style="margin-top: -10px;" tabindex="0">...</button> is not clickable at point (1284, 27). Other element would receive the click: <div _ngcontent-hdp-c31="" class="ngx-spinner-overlay ng-tns-c31-1 ng-trigger ng-trigger-fadeIn ng-star-inserted ng-animating" style="background-color: rgba(51, 51, 51, 0.8); z-index: 99999; position: fixed;">...</div>
  (Session info: chrome=132.0.6834.111)
Build info: version: '4.12.1', revision: '8e34639b11'
System info: os.name: 'Windows 11', os.arch: 'amd64', os.version: '10.0', java.version: '23.0.1'
Driver info: org.openqa.selenium.chrome.ChromeDriver
Command: [255f023abb83cd91b0cfda96f6569ab7, clickElement {id=f.3F2146B5282EEFC724D69A101CBC0F87.d.66E1AD5A134F915F46CF52B44C1F70B6.e.90}]
Capabilities {acceptInsecureCerts: false, browserName: chrome, browserVersion: 132.0.6834.111, chrome: {chromedriverVersion: 132.0.6834.110 (df453a35f09..., userDataDir: C:\Users\raooosub\AppData\L...}, fedcm:accounts: true, goog:chromeOptions: {debuggerAddress: localhost:54315}, networkConnectionEnabled: false, pageLoadStrategy: normal, platformName: windows, proxy: Proxy(), se:cdp: ws://localhost:54315/devtoo..., se:cdpVersion: 132.0.6834.111, setWindowRect: true, strictFileInteractability: false, timeouts: {implicit: 0, pageLoad: 300000, script: 30000}, unhandledPromptBehavior: dismiss and notify, webauthn:extension:credBlob: true, webauthn:extension:largeBlob: true, webauthn:extension:minPinLength: true, webauthn:extension:prf: true, webauthn:virtualAuthenticators: true}
Element: [[ChromeDriver: chrome on windows (255f023abb83cd91b0cfda96f6569ab7)] -> css selector: [routerlink*='cart']]
Session ID: 255f023abb83cd91b0cfda96f6569ab7
at org.openqa.selenium.remote.codec.w3c.W3CHttpResponseCodec.createException(W3CHttpResponseCodec.java:200)
at org.openqa.selenium.remote.codec.w3c.W3CHttpResponseCodec.decode(W3CHttpResponseCodec.java:133)
at org.openqa.selenium.remote.codec.w3c.W3CHttpResponseCodec.decode(W3CHttpResponseCodec.java:52)
at org.openqa.selenium.remote.HttpCommandExecutor.execute(HttpCommandExecutor.java:191)
at org.openqa.selenium.remote.service.DriverCommandExecutor.invokeExecute(DriverCommandExecutor.java:196)
at org.openqa.selenium.remote.service.DriverCommandExecutor.execute(DriverCommandExecutor.java:171)
at org.openqa.selenium.remote.RemoteWebDriver.execute(RemoteWebDriver.java:602)
at org.openqa.selenium.remote.RemoteWebElement.execute(RemoteWebElement.java:224)
at org.openqa.selenium.remote.RemoteWebElement.click(RemoteWebElement.java:77)
at org.openqa.selenium.support.pagefactory.internal.LocatingElementHandler.invoke(LocatingElementHandler.java:51)
at jdk.proxy2/jdk.proxy2.$Proxy33.click(Unknown Source)
at rs_AbstractComponents.AbstractComponent.goToCartPage(AbstractComponent.java:51)
at rs_StandAloneTest.TC_04_TestSubmitOrderWithHashMapData.testSubmitOrder(TC_04_TestSubmitOrderWithHashMapData.java:31)
at java.base/java.util.ArrayList.forEach(ArrayList.java:1597)
... Removed 30 stack frames]]>
    </failure>
  </testcase> <!-- testSubmitOrder -->
  <testcase classname="rs_StandAloneTest.TC_04_TestSubmitOrderWithHashMapData" name="OrderHistoryTest" time="0.0">
    <skipped/>
  </testcase> <!-- OrderHistoryTest -->
  <testcase classname="rs_StandAloneTest.TC_05_TestSubmitOrderWithJSONData" name="testSubmitOrder" time="20.14"/>
  <testcase classname="rs_StandAloneTest.TC_05_TestSubmitOrderWithJSONData" name="testSubmitOrder" time="1.894">
    <failure type="org.openqa.selenium.ElementClickInterceptedException" message="element click intercepted: Element &amp;lt;button _ngcontent-hwv-c33=&amp;quot;&amp;quot; routerlink=&amp;quot;/dashboard/cart&amp;quot; class=&amp;quot;btn btn-custom&amp;quot; style=&amp;quot;margin-top: -10px;&amp;quot; tabindex=&amp;quot;0&amp;quot;&amp;gt;...&amp;lt;/button&amp;gt; is not clickable at point (1284, 27). Other element would receive the click: &amp;lt;div _ngcontent-hwv-c31=&amp;quot;&amp;quot; class=&amp;quot;ngx-spinner-overlay ng-tns-c31-1 ng-trigger ng-trigger-fadeIn ng-star-inserted&amp;quot; style=&amp;quot;background-color: rgba(51, 51, 51, 0.8); z-index: 99999; position: fixed; opacity: 1;&amp;quot;&amp;gt;...&amp;lt;/div&amp;gt;
  (Session info: chrome=132.0.6834.111)
Build info: version: &amp;apos;4.12.1&amp;apos;, revision: &amp;apos;8e34639b11&amp;apos;
System info: os.name: &amp;apos;Windows 11&amp;apos;, os.arch: &amp;apos;amd64&amp;apos;, os.version: &amp;apos;10.0&amp;apos;, java.version: &amp;apos;23.0.1&amp;apos;
Driver info: org.openqa.selenium.chrome.ChromeDriver
Command: [0dd7fcad703bf7aed74208a68d31c041, clickElement {id=f.289E8E4DD9A2003D8D3F3E18C3F5B6BE.d.8BA202CF6CC2DB55575E7F7AFC77EE24.e.92}]
Capabilities {acceptInsecureCerts: false, browserName: chrome, browserVersion: 132.0.6834.111, chrome: {chromedriverVersion: 132.0.6834.110 (df453a35f09..., userDataDir: C:\Users\raooosub\AppData\L...}, fedcm:accounts: true, goog:chromeOptions: {debuggerAddress: localhost:54376}, networkConnectionEnabled: false, pageLoadStrategy: normal, platformName: windows, proxy: Proxy(), se:cdp: ws://localhost:54376/devtoo..., se:cdpVersion: 132.0.6834.111, setWindowRect: true, strictFileInteractability: false, timeouts: {implicit: 0, pageLoad: 300000, script: 30000}, unhandledPromptBehavior: dismiss and notify, webauthn:extension:credBlob: true, webauthn:extension:largeBlob: true, webauthn:extension:minPinLength: true, webauthn:extension:prf: true, webauthn:virtualAuthenticators: true}
Element: [[ChromeDriver: chrome on windows (0dd7fcad703bf7aed74208a68d31c041)] -&amp;gt; css selector: [routerlink*=&amp;apos;cart&amp;apos;]]
Session ID: 0dd7fcad703bf7aed74208a68d31c041">
      <![CDATA[org.openqa.selenium.ElementClickInterceptedException: element click intercepted: Element <button _ngcontent-hwv-c33="" routerlink="/dashboard/cart" class="btn btn-custom" style="margin-top: -10px;" tabindex="0">...</button> is not clickable at point (1284, 27). Other element would receive the click: <div _ngcontent-hwv-c31="" class="ngx-spinner-overlay ng-tns-c31-1 ng-trigger ng-trigger-fadeIn ng-star-inserted" style="background-color: rgba(51, 51, 51, 0.8); z-index: 99999; position: fixed; opacity: 1;">...</div>
  (Session info: chrome=132.0.6834.111)
Build info: version: '4.12.1', revision: '8e34639b11'
System info: os.name: 'Windows 11', os.arch: 'amd64', os.version: '10.0', java.version: '23.0.1'
Driver info: org.openqa.selenium.chrome.ChromeDriver
Command: [0dd7fcad703bf7aed74208a68d31c041, clickElement {id=f.289E8E4DD9A2003D8D3F3E18C3F5B6BE.d.8BA202CF6CC2DB55575E7F7AFC77EE24.e.92}]
Capabilities {acceptInsecureCerts: false, browserName: chrome, browserVersion: 132.0.6834.111, chrome: {chromedriverVersion: 132.0.6834.110 (df453a35f09..., userDataDir: C:\Users\raooosub\AppData\L...}, fedcm:accounts: true, goog:chromeOptions: {debuggerAddress: localhost:54376}, networkConnectionEnabled: false, pageLoadStrategy: normal, platformName: windows, proxy: Proxy(), se:cdp: ws://localhost:54376/devtoo..., se:cdpVersion: 132.0.6834.111, setWindowRect: true, strictFileInteractability: false, timeouts: {implicit: 0, pageLoad: 300000, script: 30000}, unhandledPromptBehavior: dismiss and notify, webauthn:extension:credBlob: true, webauthn:extension:largeBlob: true, webauthn:extension:minPinLength: true, webauthn:extension:prf: true, webauthn:virtualAuthenticators: true}
Element: [[ChromeDriver: chrome on windows (0dd7fcad703bf7aed74208a68d31c041)] -> css selector: [routerlink*='cart']]
Session ID: 0dd7fcad703bf7aed74208a68d31c041
at org.openqa.selenium.remote.codec.w3c.W3CHttpResponseCodec.createException(W3CHttpResponseCodec.java:200)
at org.openqa.selenium.remote.codec.w3c.W3CHttpResponseCodec.decode(W3CHttpResponseCodec.java:133)
at org.openqa.selenium.remote.codec.w3c.W3CHttpResponseCodec.decode(W3CHttpResponseCodec.java:52)
at org.openqa.selenium.remote.HttpCommandExecutor.execute(HttpCommandExecutor.java:191)
at org.openqa.selenium.remote.service.DriverCommandExecutor.invokeExecute(DriverCommandExecutor.java:196)
at org.openqa.selenium.remote.service.DriverCommandExecutor.execute(DriverCommandExecutor.java:171)
at org.openqa.selenium.remote.RemoteWebDriver.execute(RemoteWebDriver.java:602)
at org.openqa.selenium.remote.RemoteWebElement.execute(RemoteWebElement.java:224)
at org.openqa.selenium.remote.RemoteWebElement.click(RemoteWebElement.java:77)
at org.openqa.selenium.support.pagefactory.internal.LocatingElementHandler.invoke(LocatingElementHandler.java:51)
at jdk.proxy2/jdk.proxy2.$Proxy33.click(Unknown Source)
at rs_AbstractComponents.AbstractComponent.goToCartPage(AbstractComponent.java:51)
at rs_StandAloneTest.TC_05_TestSubmitOrderWithJSONData.testSubmitOrder(TC_05_TestSubmitOrderWithJSONData.java:34)
at java.base/java.util.ArrayList.forEach(ArrayList.java:1597)
... Removed 30 stack frames]]>
    </failure>
  </testcase> <!-- testSubmitOrder -->
  <testcase classname="rs_StandAloneTest.TC_05_TestSubmitOrderWithJSONData" name="OrderHistoryTest" time="0.0">
    <skipped/>
  </testcase> <!-- OrderHistoryTest -->
</testsuite> <!-- Test SuccessFul Transactions -->
