<?xml version="1.0" encoding="UTF-8"?>
<testng-results ignored="0" total="2" passed="2" failed="0" skipped="0">
  <reporter-output>
  </reporter-output>
  <suite started-at="2024-12-01T15:02:37 IST" name="Master Suite" finished-at="2024-12-01T15:02:58 IST" duration-ms="20803">
    <groups>
      <group name="Master">
        <method signature="TC_AccountRegistrationTest.verify_Account_Registration()[pri:0, instance:testCases.TC_AccountRegistrationTest@5e1fa5b1]" name="verify_Account_Registration" class="testCases.TC_AccountRegistrationTest"/>
        <method signature="TC_LoginTest.verify_login()[pri:0, instance:testCases.TC_LoginTest@615091b8]" name="verify_login" class="testCases.TC_LoginTest"/>
      </group> <!-- Master -->
      <group name="Sanity">
        <method signature="TC_LoginTest.verify_login()[pri:0, instance:testCases.TC_LoginTest@615091b8]" name="verify_login" class="testCases.TC_LoginTest"/>
      </group> <!-- Sanity -->
      <group name="Regression">
        <method signature="TC_AccountRegistrationTest.verify_Account_Registration()[pri:0, instance:testCases.TC_AccountRegistrationTest@5e1fa5b1]" name="verify_Account_Registration" class="testCases.TC_AccountRegistrationTest"/>
      </group> <!-- Regression -->
    </groups>
    <test started-at="2024-12-01T15:02:37 IST" name="Test" finished-at="2024-12-01T15:02:58 IST" duration-ms="20803">
      <class name="testCases.TC_AccountRegistrationTest">
        <test-method is-config="true" signature="setUp(java.lang.String,java.lang.String)[pri:0, instance:testCases.TC_AccountRegistrationTest@5e1fa5b1]" started-at="2024-12-01T15:02:37 IST" name="setUp" finished-at="2024-12-01T15:02:44 IST" duration-ms="7160" status="PASS">
          <params>
            <param index="0">
              <value>
                <![CDATA[Windows]]>
              </value>
            </param>
            <param index="1">
              <value>
                <![CDATA[edge]]>
              </value>
            </param>
          </params>
          <reporter-output>
          </reporter-output>
        </test-method> <!-- setUp -->
        <test-method signature="verify_Account_Registration()[pri:0, instance:testCases.TC_AccountRegistrationTest@5e1fa5b1]" started-at="2024-12-01T15:02:44 IST" name="verify_Account_Registration" finished-at="2024-12-01T15:02:48 IST" duration-ms="3481" status="PASS">
          <reporter-output>
          </reporter-output>
        </test-method> <!-- verify_Account_Registration -->
        <test-method is-config="true" signature="tearDown()[pri:0, instance:testCases.TC_AccountRegistrationTest@5e1fa5b1]" started-at="2024-12-01T15:02:48 IST" name="tearDown" finished-at="2024-12-01T15:02:50 IST" duration-ms="2189" status="PASS">
          <reporter-output>
          </reporter-output>
        </test-method> <!-- tearDown -->
      </class> <!-- testCases.TC_AccountRegistrationTest -->
      <class name="testCases.TC_LoginTest">
        <test-method is-config="true" signature="setUp(java.lang.String,java.lang.String)[pri:0, instance:testCases.TC_LoginTest@615091b8]" started-at="2024-12-01T15:02:50 IST" name="setUp" finished-at="2024-12-01T15:02:53 IST" duration-ms="3060" status="PASS">
          <params>
            <param index="0">
              <value>
                <![CDATA[Windows]]>
              </value>
            </param>
            <param index="1">
              <value>
                <![CDATA[edge]]>
              </value>
            </param>
          </params>
          <reporter-output>
          </reporter-output>
        </test-method> <!-- setUp -->
        <test-method signature="verify_login()[pri:0, instance:testCases.TC_LoginTest@615091b8]" started-at="2024-12-01T15:02:53 IST" name="verify_login" finished-at="2024-12-01T15:02:57 IST" duration-ms="3488" status="PASS">
          <reporter-output>
          </reporter-output>
        </test-method> <!-- verify_login -->
        <test-method is-config="true" signature="tearDown()[pri:0, instance:testCases.TC_LoginTest@615091b8]" started-at="2024-12-01T15:02:57 IST" name="tearDown" finished-at="2024-12-01T15:02:58 IST" duration-ms="878" status="PASS">
          <reporter-output>
          </reporter-output>
        </test-method> <!-- tearDown -->
      </class> <!-- testCases.TC_LoginTest -->
    </test> <!-- Test -->
  </suite> <!-- Master Suite -->
</testng-results>
