<?xml version="1.0" encoding="UTF-8"?>
<testng-results skipped="2" failed="2" ignored="0" total="10" passed="6">
  <reporter-output>
  </reporter-output>
  <suite name="Suite" duration-ms="526270" started-at="2025-01-30T17:20:14 IST" finished-at="2025-01-30T17:29:00 IST">
    <groups>
      <group name="Purchase">
        <method signature="TC_02_TestSubmitOrderUpdated.testSubmitOrder(java.lang.String,java.lang.String,java.lang.String)[pri:0, instance:rs_StandAloneTest.TC_02_TestSubmitOrderUpdated@670b40af]" name="testSubmitOrder" class="rs_StandAloneTest.TC_02_TestSubmitOrderUpdated"/>
        <method signature="TC_02_TestSubmitOrderUpdated.OrderHistoryTest(java.lang.String,java.lang.String,java.lang.String)[pri:0, instance:rs_StandAloneTest.TC_02_TestSubmitOrderUpdated@670b40af]" name="OrderHistoryTest" class="rs_StandAloneTest.TC_02_TestSubmitOrderUpdated"/>
        <method signature="TC_04_TestSubmitOrderWithHashMapData.testSubmitOrder(java.util.HashMap)[pri:0, instance:rs_StandAloneTest.TC_04_TestSubmitOrderWithHashMapData@37374a5e]" name="testSubmitOrder" class="rs_StandAloneTest.TC_04_TestSubmitOrderWithHashMapData"/>
        <method signature="TC_04_TestSubmitOrderWithHashMapData.OrderHistoryTest(java.util.HashMap)[pri:0, instance:rs_StandAloneTest.TC_04_TestSubmitOrderWithHashMapData@37374a5e]" name="OrderHistoryTest" class="rs_StandAloneTest.TC_04_TestSubmitOrderWithHashMapData"/>
        <method signature="TC_05_TestSubmitOrderWithJSONData.testSubmitOrder(java.util.HashMap)[pri:0, instance:rs_StandAloneTest.TC_05_TestSubmitOrderWithJSONData@4671e53b]" name="testSubmitOrder" class="rs_StandAloneTest.TC_05_TestSubmitOrderWithJSONData"/>
        <method signature="TC_05_TestSubmitOrderWithJSONData.OrderHistoryTest(java.util.HashMap)[pri:0, instance:rs_StandAloneTest.TC_05_TestSubmitOrderWithJSONData@4671e53b]" name="OrderHistoryTest" class="rs_StandAloneTest.TC_05_TestSubmitOrderWithJSONData"/>
      </group> <!-- Purchase -->
    </groups>
    <test name="Test SuccessFul Transactions" duration-ms="526270" started-at="2025-01-30T17:20:14 IST" finished-at="2025-01-30T17:29:00 IST">
      <class name="rs_StandAloneTest.TC_04_TestSubmitOrderWithHashMapData">
        <test-method status="PASS" signature="launchApplication()[pri:0, instance:rs_StandAloneTest.TC_04_TestSubmitOrderWithHashMapData@37374a5e]" name="launchApplication" is-config="true" duration-ms="42069" started-at="2025-01-30T17:24:24 IST" finished-at="2025-01-30T17:25:06 IST">
          <reporter-output>
          </reporter-output>
        </test-method> <!-- launchApplication -->
        <test-method status="FAIL" signature="testSubmitOrder(java.util.HashMap)[pri:0, instance:rs_StandAloneTest.TC_04_TestSubmitOrderWithHashMapData@37374a5e]" name="testSubmitOrder" duration-ms="10283" started-at="2025-01-30T17:25:06 IST" data-provider="getData" finished-at="2025-01-30T17:25:16 IST">
          <params>
            <param index="0">
              <value>
                <![CDATA[{password=Span@1234, email=subbaraw@gmail.com, productName=IPHONE 13 PRO}]]>
              </value>
            </param>
          </params>
          <exception class="org.openqa.selenium.TimeoutException">
            <message>
              <![CDATA[Expected condition failed: waiting for visibility of element located by By.cssSelector: .mb-3 (tried for 5 second(s) with 500 milliseconds interval)
Build info: version: '4.12.1', revision: '8e34639b11'
System info: os.name: 'Windows 10', os.arch: 'amd64', os.version: '10.0', java.version: '1.8.0_292'
Driver info: org.openqa.selenium.chrome.ChromeDriver
Capabilities {acceptInsecureCerts: false, browserName: chrome, browserVersion: 132.0.6834.111, chrome: {chromedriverVersion: 132.0.6834.159 (2d77d3fc445..., userDataDir: C:\Users\raooosub\AppData\L...}, fedcm:accounts: true, goog:chromeOptions: {debuggerAddress: localhost:63607}, networkConnectionEnabled: false, pageLoadStrategy: normal, platformName: windows, proxy: Proxy(), se:cdp: ws://localhost:63607/devtoo..., se:cdpVersion: 132.0.6834.111, setWindowRect: true, strictFileInteractability: false, timeouts: {implicit: 0, pageLoad: 300000, script: 30000}, unhandledPromptBehavior: dismiss and notify, webauthn:extension:credBlob: true, webauthn:extension:largeBlob: true, webauthn:extension:minPinLength: true, webauthn:extension:prf: true, webauthn:virtualAuthenticators: true}
Session ID: b6d512f8fc4fcad99bd85568b3055a96]]>
            </message>
            <full-stacktrace>
              <![CDATA[org.openqa.selenium.TimeoutException: Expected condition failed: waiting for visibility of element located by By.cssSelector: .mb-3 (tried for 5 second(s) with 500 milliseconds interval)
Build info: version: '4.12.1', revision: '8e34639b11'
System info: os.name: 'Windows 10', os.arch: 'amd64', os.version: '10.0', java.version: '1.8.0_292'
Driver info: org.openqa.selenium.chrome.ChromeDriver
Capabilities {acceptInsecureCerts: false, browserName: chrome, browserVersion: 132.0.6834.111, chrome: {chromedriverVersion: 132.0.6834.159 (2d77d3fc445..., userDataDir: C:\Users\raooosub\AppData\L...}, fedcm:accounts: true, goog:chromeOptions: {debuggerAddress: localhost:63607}, networkConnectionEnabled: false, pageLoadStrategy: normal, platformName: windows, proxy: Proxy(), se:cdp: ws://localhost:63607/devtoo..., se:cdpVersion: 132.0.6834.111, setWindowRect: true, strictFileInteractability: false, timeouts: {implicit: 0, pageLoad: 300000, script: 30000}, unhandledPromptBehavior: dismiss and notify, webauthn:extension:credBlob: true, webauthn:extension:largeBlob: true, webauthn:extension:minPinLength: true, webauthn:extension:prf: true, webauthn:virtualAuthenticators: true}
Session ID: b6d512f8fc4fcad99bd85568b3055a96
at org.openqa.selenium.support.ui.WebDriverWait.timeoutException(WebDriverWait.java:84)
at org.openqa.selenium.support.ui.FluentWait.until(FluentWait.java:230)
at rs_AbstractComponents.AbstractComponent.waitForElementToAppear(AbstractComponent.java:31)
at rs_PageObjects.ProductCataloguePage.getProductList(ProductCataloguePage.java:36)
at rs_StandAloneTest.TC_04_TestSubmitOrderWithHashMapData.testSubmitOrder(TC_04_TestSubmitOrderWithHashMapData.java:28)
at sun.reflect.NativeMethodAccessorImpl.invoke0(Native Method)
at sun.reflect.NativeMethodAccessorImpl.invoke(NativeMethodAccessorImpl.java:62)
at sun.reflect.DelegatingMethodAccessorImpl.invoke(DelegatingMethodAccessorImpl.java:43)
at java.lang.reflect.Method.invoke(Method.java:498)
at org.testng.internal.MethodInvocationHelper.invokeMethod(MethodInvocationHelper.java:133)
at org.testng.internal.TestInvoker.invokeMethod(TestInvoker.java:598)
at org.testng.internal.TestInvoker.invokeTestMethod(TestInvoker.java:173)
at org.testng.internal.MethodRunner.runInSequence(MethodRunner.java:46)
at org.testng.internal.TestInvoker$MethodInvocationAgent.invoke(TestInvoker.java:824)
at org.testng.internal.TestInvoker.invokeTestMethods(TestInvoker.java:146)
at org.testng.internal.TestMethodWorker.invokeTestMethods(TestMethodWorker.java:146)
at org.testng.internal.TestMethodWorker.run(TestMethodWorker.java:128)
at java.util.ArrayList.forEach(ArrayList.java:1259)
at org.testng.TestRunner.privateRun(TestRunner.java:794)
at org.testng.TestRunner.run(TestRunner.java:596)
at org.testng.SuiteRunner.runTest(SuiteRunner.java:377)
at org.testng.SuiteRunner.runSequentially(SuiteRunner.java:371)
at org.testng.SuiteRunner.privateRun(SuiteRunner.java:332)
at org.testng.SuiteRunner.run(SuiteRunner.java:276)
at org.testng.SuiteRunnerWorker.runSuite(SuiteRunnerWorker.java:53)
at org.testng.SuiteRunnerWorker.run(SuiteRunnerWorker.java:96)
at org.testng.TestNG.runSuitesSequentially(TestNG.java:1212)
at org.testng.TestNG.runSuitesLocally(TestNG.java:1134)
at org.testng.TestNG.runSuites(TestNG.java:1063)
at org.testng.TestNG.run(TestNG.java:1031)
at org.apache.maven.surefire.testng.TestNGExecutor.run(TestNGExecutor.java:308)
at org.apache.maven.surefire.testng.TestNGXmlTestSuite.execute(TestNGXmlTestSuite.java:71)
at org.apache.maven.surefire.testng.TestNGProvider.invoke(TestNGProvider.java:113)
at org.apache.maven.surefire.booter.ForkedBooter.runSuitesInProcess(ForkedBooter.java:385)
at org.apache.maven.surefire.booter.ForkedBooter.execute(ForkedBooter.java:162)
at org.apache.maven.surefire.booter.ForkedBooter.run(ForkedBooter.java:507)
at org.apache.maven.surefire.booter.ForkedBooter.main(ForkedBooter.java:495)
]]>
            </full-stacktrace>
          </exception> <!-- org.openqa.selenium.TimeoutException -->
          <reporter-output>
          </reporter-output>
        </test-method> <!-- testSubmitOrder -->
        <test-method status="PASS" signature="tearDown()[pri:0, instance:rs_StandAloneTest.TC_04_TestSubmitOrderWithHashMapData@37374a5e]" name="tearDown" is-config="true" duration-ms="700" started-at="2025-01-30T17:25:16 IST" finished-at="2025-01-30T17:25:17 IST">
          <reporter-output>
          </reporter-output>
        </test-method> <!-- tearDown -->
        <test-method status="PASS" signature="launchApplication()[pri:0, instance:rs_StandAloneTest.TC_04_TestSubmitOrderWithHashMapData@37374a5e]" name="launchApplication" is-config="true" duration-ms="94368" started-at="2025-01-30T17:25:17 IST" finished-at="2025-01-30T17:26:52 IST">
          <reporter-output>
          </reporter-output>
        </test-method> <!-- launchApplication -->
        <test-method status="PASS" signature="testSubmitOrder(java.util.HashMap)[pri:0, instance:rs_StandAloneTest.TC_04_TestSubmitOrderWithHashMapData@37374a5e]" name="testSubmitOrder" duration-ms="25928" started-at="2025-01-30T17:26:52 IST" data-provider="getData" finished-at="2025-01-30T17:27:17 IST">
          <params>
            <param index="0">
              <value>
                <![CDATA[{password=Span@1234, email=subbaraw@gmail.com, productName=QWERTY}]]>
              </value>
            </param>
          </params>
          <reporter-output>
          </reporter-output>
        </test-method> <!-- testSubmitOrder -->
        <test-method status="PASS" signature="tearDown()[pri:0, instance:rs_StandAloneTest.TC_04_TestSubmitOrderWithHashMapData@37374a5e]" name="tearDown" is-config="true" duration-ms="705" started-at="2025-01-30T17:27:17 IST" finished-at="2025-01-30T17:27:18 IST">
          <reporter-output>
          </reporter-output>
        </test-method> <!-- tearDown -->
        <test-method status="SKIP" signature="OrderHistoryTest(java.util.HashMap)[pri:0, instance:rs_StandAloneTest.TC_04_TestSubmitOrderWithHashMapData@37374a5e]" name="OrderHistoryTest" duration-ms="0" started-at="2025-01-30T17:27:18 IST" depends-on-methods="rs_StandAloneTest.TC_04_TestSubmitOrderWithHashMapData.testSubmitOrder" finished-at="2025-01-30T17:27:18 IST">
          <exception class="java.lang.Throwable">
            <message>
              <![CDATA[Method TC_04_TestSubmitOrderWithHashMapData.OrderHistoryTest(java.util.HashMap)[pri:0, instance:rs_StandAloneTest.TC_04_TestSubmitOrderWithHashMapData@37374a5e] depends on not successfully finished methods]]>
            </message>
            <full-stacktrace>
              <![CDATA[java.lang.Throwable: Method TC_04_TestSubmitOrderWithHashMapData.OrderHistoryTest(java.util.HashMap)[pri:0, instance:rs_StandAloneTest.TC_04_TestSubmitOrderWithHashMapData@37374a5e] depends on not successfully finished methods
at org.testng.internal.TestInvoker.invokeTestMethods(TestInvoker.java:102)
at org.testng.internal.TestMethodWorker.invokeTestMethods(TestMethodWorker.java:146)
at org.testng.internal.TestMethodWorker.run(TestMethodWorker.java:128)
at java.util.ArrayList.forEach(ArrayList.java:1259)
at org.testng.TestRunner.privateRun(TestRunner.java:794)
at org.testng.TestRunner.run(TestRunner.java:596)
at org.testng.SuiteRunner.runTest(SuiteRunner.java:377)
at org.testng.SuiteRunner.runSequentially(SuiteRunner.java:371)
at org.testng.SuiteRunner.privateRun(SuiteRunner.java:332)
at org.testng.SuiteRunner.run(SuiteRunner.java:276)
at org.testng.SuiteRunnerWorker.runSuite(SuiteRunnerWorker.java:53)
at org.testng.SuiteRunnerWorker.run(SuiteRunnerWorker.java:96)
at org.testng.TestNG.runSuitesSequentially(TestNG.java:1212)
at org.testng.TestNG.runSuitesLocally(TestNG.java:1134)
at org.testng.TestNG.runSuites(TestNG.java:1063)
at org.testng.TestNG.run(TestNG.java:1031)
at org.apache.maven.surefire.testng.TestNGExecutor.run(TestNGExecutor.java:308)
at org.apache.maven.surefire.testng.TestNGXmlTestSuite.execute(TestNGXmlTestSuite.java:71)
at org.apache.maven.surefire.testng.TestNGProvider.invoke(TestNGProvider.java:113)
at org.apache.maven.surefire.booter.ForkedBooter.runSuitesInProcess(ForkedBooter.java:385)
at org.apache.maven.surefire.booter.ForkedBooter.execute(ForkedBooter.java:162)
at org.apache.maven.surefire.booter.ForkedBooter.run(ForkedBooter.java:507)
at org.apache.maven.surefire.booter.ForkedBooter.main(ForkedBooter.java:495)
]]>
            </full-stacktrace>
          </exception> <!-- java.lang.Throwable -->
          <reporter-output>
          </reporter-output>
        </test-method> <!-- OrderHistoryTest -->
      </class> <!-- rs_StandAloneTest.TC_04_TestSubmitOrderWithHashMapData -->
      <class name="rs_StandAloneTest.TC_02_TestSubmitOrderUpdated">
        <test-method status="PASS" signature="launchApplication()[pri:0, instance:rs_StandAloneTest.TC_02_TestSubmitOrderUpdated@670b40af]" name="launchApplication" is-config="true" duration-ms="110020" started-at="2025-01-30T17:20:14 IST" finished-at="2025-01-30T17:22:04 IST">
          <reporter-output>
          </reporter-output>
        </test-method> <!-- launchApplication -->
        <test-method status="PASS" signature="testSubmitOrder(java.lang.String,java.lang.String,java.lang.String)[pri:0, instance:rs_StandAloneTest.TC_02_TestSubmitOrderUpdated@670b40af]" name="testSubmitOrder" duration-ms="21171" started-at="2025-01-30T17:22:04 IST" data-provider="getData" finished-at="2025-01-30T17:22:25 IST">
          <params>
            <param index="0">
              <value>
                <![CDATA[subbaraw@gmail.com]]>
              </value>
            </param>
            <param index="1">
              <value>
                <![CDATA[Span@1234]]>
              </value>
            </param>
            <param index="2">
              <value>
                <![CDATA[IPHONE 13 PRO]]>
              </value>
            </param>
          </params>
          <reporter-output>
          </reporter-output>
        </test-method> <!-- testSubmitOrder -->
        <test-method status="PASS" signature="tearDown()[pri:0, instance:rs_StandAloneTest.TC_02_TestSubmitOrderUpdated@670b40af]" name="tearDown" is-config="true" duration-ms="667" started-at="2025-01-30T17:22:25 IST" finished-at="2025-01-30T17:22:25 IST">
          <reporter-output>
          </reporter-output>
        </test-method> <!-- tearDown -->
        <test-method status="PASS" signature="launchApplication()[pri:0, instance:rs_StandAloneTest.TC_02_TestSubmitOrderUpdated@670b40af]" name="launchApplication" is-config="true" duration-ms="2660" started-at="2025-01-30T17:22:25 IST" finished-at="2025-01-30T17:22:28 IST">
          <reporter-output>
          </reporter-output>
        </test-method> <!-- launchApplication -->
        <test-method status="PASS" signature="testSubmitOrder(java.lang.String,java.lang.String,java.lang.String)[pri:0, instance:rs_StandAloneTest.TC_02_TestSubmitOrderUpdated@670b40af]" name="testSubmitOrder" duration-ms="29570" started-at="2025-01-30T17:22:28 IST" data-provider="getData" finished-at="2025-01-30T17:22:58 IST">
          <params>
            <param index="0">
              <value>
                <![CDATA[subbaraw@gmail.com]]>
              </value>
            </param>
            <param index="1">
              <value>
                <![CDATA[Span@1234]]>
              </value>
            </param>
            <param index="2">
              <value>
                <![CDATA[QWERTY]]>
              </value>
            </param>
          </params>
          <reporter-output>
          </reporter-output>
        </test-method> <!-- testSubmitOrder -->
        <test-method status="PASS" signature="tearDown()[pri:0, instance:rs_StandAloneTest.TC_02_TestSubmitOrderUpdated@670b40af]" name="tearDown" is-config="true" duration-ms="685" started-at="2025-01-30T17:22:58 IST" finished-at="2025-01-30T17:22:58 IST">
          <reporter-output>
          </reporter-output>
        </test-method> <!-- tearDown -->
        <test-method status="PASS" signature="launchApplication()[pri:0, instance:rs_StandAloneTest.TC_02_TestSubmitOrderUpdated@670b40af]" name="launchApplication" is-config="true" duration-ms="57576" started-at="2025-01-30T17:22:58 IST" finished-at="2025-01-30T17:23:56 IST">
          <reporter-output>
          </reporter-output>
        </test-method> <!-- launchApplication -->
        <test-method status="PASS" signature="OrderHistoryTest(java.lang.String,java.lang.String,java.lang.String)[pri:0, instance:rs_StandAloneTest.TC_02_TestSubmitOrderUpdated@670b40af]" name="OrderHistoryTest" duration-ms="776" started-at="2025-01-30T17:23:56 IST" data-provider="getData" depends-on-methods="rs_StandAloneTest.TC_02_TestSubmitOrderUpdated.testSubmitOrder" finished-at="2025-01-30T17:23:57 IST">
          <params>
            <param index="0">
              <value>
                <![CDATA[subbaraw@gmail.com]]>
              </value>
            </param>
            <param index="1">
              <value>
                <![CDATA[Span@1234]]>
              </value>
            </param>
            <param index="2">
              <value>
                <![CDATA[IPHONE 13 PRO]]>
              </value>
            </param>
          </params>
          <reporter-output>
          </reporter-output>
        </test-method> <!-- OrderHistoryTest -->
        <test-method status="PASS" signature="tearDown()[pri:0, instance:rs_StandAloneTest.TC_02_TestSubmitOrderUpdated@670b40af]" name="tearDown" is-config="true" duration-ms="686" started-at="2025-01-30T17:23:57 IST" finished-at="2025-01-30T17:23:57 IST">
          <reporter-output>
          </reporter-output>
        </test-method> <!-- tearDown -->
        <test-method status="PASS" signature="launchApplication()[pri:0, instance:rs_StandAloneTest.TC_02_TestSubmitOrderUpdated@670b40af]" name="launchApplication" is-config="true" duration-ms="21911" started-at="2025-01-30T17:23:57 IST" finished-at="2025-01-30T17:24:19 IST">
          <reporter-output>
          </reporter-output>
        </test-method> <!-- launchApplication -->
        <test-method status="PASS" signature="OrderHistoryTest(java.lang.String,java.lang.String,java.lang.String)[pri:0, instance:rs_StandAloneTest.TC_02_TestSubmitOrderUpdated@670b40af]" name="OrderHistoryTest" duration-ms="4126" started-at="2025-01-30T17:24:19 IST" data-provider="getData" depends-on-methods="rs_StandAloneTest.TC_02_TestSubmitOrderUpdated.testSubmitOrder" finished-at="2025-01-30T17:24:23 IST">
          <params>
            <param index="0">
              <value>
                <![CDATA[subbaraw@gmail.com]]>
              </value>
            </param>
            <param index="1">
              <value>
                <![CDATA[Span@1234]]>
              </value>
            </param>
            <param index="2">
              <value>
                <![CDATA[QWERTY]]>
              </value>
            </param>
          </params>
          <reporter-output>
          </reporter-output>
        </test-method> <!-- OrderHistoryTest -->
        <test-method status="PASS" signature="tearDown()[pri:0, instance:rs_StandAloneTest.TC_02_TestSubmitOrderUpdated@670b40af]" name="tearDown" is-config="true" duration-ms="680" started-at="2025-01-30T17:24:23 IST" finished-at="2025-01-30T17:24:24 IST">
          <reporter-output>
          </reporter-output>
        </test-method> <!-- tearDown -->
      </class> <!-- rs_StandAloneTest.TC_02_TestSubmitOrderUpdated -->
      <class name="rs_StandAloneTest.TC_05_TestSubmitOrderWithJSONData">
        <test-method status="PASS" signature="launchApplication()[pri:0, instance:rs_StandAloneTest.TC_05_TestSubmitOrderWithJSONData@4671e53b]" name="launchApplication" is-config="true" duration-ms="30013" started-at="2025-01-30T17:27:18 IST" finished-at="2025-01-30T17:27:48 IST">
          <reporter-output>
          </reporter-output>
        </test-method> <!-- launchApplication -->
        <test-method status="FAIL" signature="testSubmitOrder(java.util.HashMap)[pri:0, instance:rs_StandAloneTest.TC_05_TestSubmitOrderWithJSONData@4671e53b]" name="testSubmitOrder" duration-ms="29666" started-at="2025-01-30T17:27:48 IST" data-provider="getData" finished-at="2025-01-30T17:28:18 IST">
          <params>
            <param index="0">
              <value>
                <![CDATA[{password=Span@1234, email=subbaraw@gmail.com, productName=IPHONE 13 PRO}]]>
              </value>
            </param>
          </params>
          <exception class="java.lang.AssertionError">
            <message>
              <![CDATA[expected [true] but found [false]]]>
            </message>
            <full-stacktrace>
              <![CDATA[java.lang.AssertionError: expected [true] but found [false]
at org.testng.Assert.fail(Assert.java:99)
at org.testng.Assert.failNotEquals(Assert.java:1037)
at org.testng.Assert.assertTrue(Assert.java:45)
at org.testng.Assert.assertTrue(Assert.java:55)
at rs_StandAloneTest.TC_05_TestSubmitOrderWithJSONData.testSubmitOrder(TC_05_TestSubmitOrderWithJSONData.java:38)
at sun.reflect.NativeMethodAccessorImpl.invoke0(Native Method)
at sun.reflect.NativeMethodAccessorImpl.invoke(NativeMethodAccessorImpl.java:62)
at sun.reflect.DelegatingMethodAccessorImpl.invoke(DelegatingMethodAccessorImpl.java:43)
at java.lang.reflect.Method.invoke(Method.java:498)
at org.testng.internal.MethodInvocationHelper.invokeMethod(MethodInvocationHelper.java:133)
at org.testng.internal.TestInvoker.invokeMethod(TestInvoker.java:598)
at org.testng.internal.TestInvoker.invokeTestMethod(TestInvoker.java:173)
at org.testng.internal.MethodRunner.runInSequence(MethodRunner.java:46)
at org.testng.internal.TestInvoker$MethodInvocationAgent.invoke(TestInvoker.java:824)
at org.testng.internal.TestInvoker.invokeTestMethods(TestInvoker.java:146)
at org.testng.internal.TestMethodWorker.invokeTestMethods(TestMethodWorker.java:146)
at org.testng.internal.TestMethodWorker.run(TestMethodWorker.java:128)
at java.util.ArrayList.forEach(ArrayList.java:1259)
at org.testng.TestRunner.privateRun(TestRunner.java:794)
at org.testng.TestRunner.run(TestRunner.java:596)
at org.testng.SuiteRunner.runTest(SuiteRunner.java:377)
at org.testng.SuiteRunner.runSequentially(SuiteRunner.java:371)
at org.testng.SuiteRunner.privateRun(SuiteRunner.java:332)
at org.testng.SuiteRunner.run(SuiteRunner.java:276)
at org.testng.SuiteRunnerWorker.runSuite(SuiteRunnerWorker.java:53)
at org.testng.SuiteRunnerWorker.run(SuiteRunnerWorker.java:96)
at org.testng.TestNG.runSuitesSequentially(TestNG.java:1212)
at org.testng.TestNG.runSuitesLocally(TestNG.java:1134)
at org.testng.TestNG.runSuites(TestNG.java:1063)
at org.testng.TestNG.run(TestNG.java:1031)
at org.apache.maven.surefire.testng.TestNGExecutor.run(TestNGExecutor.java:308)
at org.apache.maven.surefire.testng.TestNGXmlTestSuite.execute(TestNGXmlTestSuite.java:71)
at org.apache.maven.surefire.testng.TestNGProvider.invoke(TestNGProvider.java:113)
at org.apache.maven.surefire.booter.ForkedBooter.runSuitesInProcess(ForkedBooter.java:385)
at org.apache.maven.surefire.booter.ForkedBooter.execute(ForkedBooter.java:162)
at org.apache.maven.surefire.booter.ForkedBooter.run(ForkedBooter.java:507)
at org.apache.maven.surefire.booter.ForkedBooter.main(ForkedBooter.java:495)
]]>
            </full-stacktrace>
          </exception> <!-- java.lang.AssertionError -->
          <reporter-output>
          </reporter-output>
        </test-method> <!-- testSubmitOrder -->
        <test-method status="PASS" signature="tearDown()[pri:0, instance:rs_StandAloneTest.TC_05_TestSubmitOrderWithJSONData@4671e53b]" name="tearDown" is-config="true" duration-ms="684" started-at="2025-01-30T17:28:18 IST" finished-at="2025-01-30T17:28:19 IST">
          <reporter-output>
          </reporter-output>
        </test-method> <!-- tearDown -->
        <test-method status="PASS" signature="launchApplication()[pri:0, instance:rs_StandAloneTest.TC_05_TestSubmitOrderWithJSONData@4671e53b]" name="launchApplication" is-config="true" duration-ms="6514" started-at="2025-01-30T17:28:19 IST" finished-at="2025-01-30T17:28:25 IST">
          <reporter-output>
          </reporter-output>
        </test-method> <!-- launchApplication -->
        <test-method status="PASS" signature="testSubmitOrder(java.util.HashMap)[pri:0, instance:rs_StandAloneTest.TC_05_TestSubmitOrderWithJSONData@4671e53b]" name="testSubmitOrder" duration-ms="33770" started-at="2025-01-30T17:28:25 IST" data-provider="getData" finished-at="2025-01-30T17:28:59 IST">
          <params>
            <param index="0">
              <value>
                <![CDATA[{password=Span@1234, email=subbaraw@gmail.com, productName=QWERTY}]]>
              </value>
            </param>
          </params>
          <reporter-output>
          </reporter-output>
        </test-method> <!-- testSubmitOrder -->
        <test-method status="PASS" signature="tearDown()[pri:0, instance:rs_StandAloneTest.TC_05_TestSubmitOrderWithJSONData@4671e53b]" name="tearDown" is-config="true" duration-ms="694" started-at="2025-01-30T17:28:59 IST" finished-at="2025-01-30T17:29:00 IST">
          <reporter-output>
          </reporter-output>
        </test-method> <!-- tearDown -->
        <test-method status="SKIP" signature="OrderHistoryTest(java.util.HashMap)[pri:0, instance:rs_StandAloneTest.TC_05_TestSubmitOrderWithJSONData@4671e53b]" name="OrderHistoryTest" duration-ms="0" started-at="2025-01-30T17:29:00 IST" depends-on-methods="rs_StandAloneTest.TC_05_TestSubmitOrderWithJSONData.testSubmitOrder" finished-at="2025-01-30T17:29:00 IST">
          <exception class="java.lang.Throwable">
            <message>
              <![CDATA[Method TC_05_TestSubmitOrderWithJSONData.OrderHistoryTest(java.util.HashMap)[pri:0, instance:rs_StandAloneTest.TC_05_TestSubmitOrderWithJSONData@4671e53b] depends on not successfully finished methods]]>
            </message>
            <full-stacktrace>
              <![CDATA[java.lang.Throwable: Method TC_05_TestSubmitOrderWithJSONData.OrderHistoryTest(java.util.HashMap)[pri:0, instance:rs_StandAloneTest.TC_05_TestSubmitOrderWithJSONData@4671e53b] depends on not successfully finished methods
at org.testng.internal.TestInvoker.invokeTestMethods(TestInvoker.java:102)
at org.testng.internal.TestMethodWorker.invokeTestMethods(TestMethodWorker.java:146)
at org.testng.internal.TestMethodWorker.run(TestMethodWorker.java:128)
at java.util.ArrayList.forEach(ArrayList.java:1259)
at org.testng.TestRunner.privateRun(TestRunner.java:794)
at org.testng.TestRunner.run(TestRunner.java:596)
at org.testng.SuiteRunner.runTest(SuiteRunner.java:377)
at org.testng.SuiteRunner.runSequentially(SuiteRunner.java:371)
at org.testng.SuiteRunner.privateRun(SuiteRunner.java:332)
at org.testng.SuiteRunner.run(SuiteRunner.java:276)
at org.testng.SuiteRunnerWorker.runSuite(SuiteRunnerWorker.java:53)
at org.testng.SuiteRunnerWorker.run(SuiteRunnerWorker.java:96)
at org.testng.TestNG.runSuitesSequentially(TestNG.java:1212)
at org.testng.TestNG.runSuitesLocally(TestNG.java:1134)
at org.testng.TestNG.runSuites(TestNG.java:1063)
at org.testng.TestNG.run(TestNG.java:1031)
at org.apache.maven.surefire.testng.TestNGExecutor.run(TestNGExecutor.java:308)
at org.apache.maven.surefire.testng.TestNGXmlTestSuite.execute(TestNGXmlTestSuite.java:71)
at org.apache.maven.surefire.testng.TestNGProvider.invoke(TestNGProvider.java:113)
at org.apache.maven.surefire.booter.ForkedBooter.runSuitesInProcess(ForkedBooter.java:385)
at org.apache.maven.surefire.booter.ForkedBooter.execute(ForkedBooter.java:162)
at org.apache.maven.surefire.booter.ForkedBooter.run(ForkedBooter.java:507)
at org.apache.maven.surefire.booter.ForkedBooter.main(ForkedBooter.java:495)
]]>
            </full-stacktrace>
          </exception> <!-- java.lang.Throwable -->
          <reporter-output>
          </reporter-output>
        </test-method> <!-- OrderHistoryTest -->
      </class> <!-- rs_StandAloneTest.TC_05_TestSubmitOrderWithJSONData -->
    </test> <!-- Test SuccessFul Transactions -->
  </suite> <!-- Suite -->
</testng-results>
