<?xml version="1.0" encoding="UTF-8"?>
<testng-results ignored="0" total="1" passed="0" failed="1" skipped="0">
  <reporter-output>
  </reporter-output>
  <suite started-at="2025-02-10T19:02:39 IST" name="Default suite" finished-at="2025-02-10T19:02:49 IST" duration-ms="10218">
    <groups>
      <group name="cucumber">
        <method signature="AbstractTestNGCucumberTests.runScenario(io.cucumber.testng.PickleWrapper,io.cucumber.testng.FeatureWrapper)[pri:0, instance:rsCucumberFramework.cucumberOptions.FailedTestRunner@6913c1fb]" name="runScenario" class="io.cucumber.testng.AbstractTestNGCucumberTests"/>
      </group> <!-- cucumber -->
    </groups>
    <test started-at="2025-02-10T19:02:39 IST" name="Default test" finished-at="2025-02-10T19:02:49 IST" duration-ms="10218">
      <class name="rsCucumberFramework.cucumberOptions.FailedTestRunner">
        <test-method is-config="true" signature="setUpClass(org.testng.ITestContext)[pri:0, instance:rsCucumberFramework.cucumberOptions.FailedTestRunner@6913c1fb]" started-at="2025-02-10T19:02:39 IST" name="setUpClass" finished-at="2025-02-10T19:02:39 IST" duration-ms="681" status="PASS">
          <params>
            <param index="0">
              <value>
                <![CDATA[org.testng.TestRunner@4a0df195]]>
              </value>
            </param>
          </params>
          <reporter-output>
          </reporter-output>
        </test-method> <!-- setUpClass -->
        <test-method signature="runScenario(io.cucumber.testng.PickleWrapper,io.cucumber.testng.FeatureWrapper)[pri:0, instance:rsCucumberFramework.cucumberOptions.FailedTestRunner@6913c1fb]" started-at="2025-02-10T19:02:39 IST" name="runScenario" description="Runs Cucumber Scenarios" data-provider="scenarios" finished-at="2025-02-10T19:02:48 IST" duration-ms="8630" status="FAIL">
          <params>
            <param index="0">
              <value>
                <![CDATA["Search Experience for product search in both home and Offers page"]]>
              </value>
            </param>
            <param index="1">
              <value>
                <![CDATA["Search and Place the order for Products"]]>
              </value>
            </param>
          </params>
          <exception class="java.lang.AssertionError">
            <message>
              <![CDATA[expected [Beetroot] but found [No data]]]>
            </message>
            <full-stacktrace>
              <![CDATA[java.lang.AssertionError: expected [Beetroot] but found [No data]
at org.testng.Assert.fail(Assert.java:99)
at org.testng.Assert.failNotEquals(Assert.java:1037)
at org.testng.Assert.assertEqualsImpl(Assert.java:140)
at org.testng.Assert.assertEquals(Assert.java:122)
at org.testng.Assert.assertEquals(Assert.java:629)
at org.testng.Assert.assertEquals(Assert.java:639)
at rsCucumberFramework.stepDefinitions.OfferPageStepDefinition.validate_product_name_in_Offers_page(OfferPageStepDefinition.java:44)
at ✽.validate product name in offers page matches with Landing Page(file:///C:/Learning%20Materials/MyAutomationLearning/JavaAndSeleniumExamples/JavaAndSeleniumExamples/src/test/java/rsCucumberFramework/features/SearchProduct.feature:8)
]]>
            </full-stacktrace>
          </exception> <!-- java.lang.AssertionError -->
          <reporter-output>
          </reporter-output>
        </test-method> <!-- runScenario -->
        <test-method is-config="true" signature="tearDownClass()[pri:0, instance:rsCucumberFramework.cucumberOptions.FailedTestRunner@6913c1fb]" started-at="2025-02-10T19:02:48 IST" name="tearDownClass" finished-at="2025-02-10T19:02:49 IST" duration-ms="872" status="PASS">
          <reporter-output>
          </reporter-output>
        </test-method> <!-- tearDownClass -->
      </class> <!-- rsCucumberFramework.cucumberOptions.FailedTestRunner -->
    </test> <!-- Default test -->
  </suite> <!-- Default suite -->
</testng-results>
