<?xml version="1.0" encoding="UTF-8"?>
<testng-results ignored="0" total="2" passed="1" failed="1" skipped="0">
  <reporter-output>
  </reporter-output>
  <suite started-at="2025-01-30T17:15:29 IST" name="Master Suite" finished-at="2025-01-30T17:16:35 IST" duration-ms="66758">
    <groups>
      <group name="Master">
        <method signature="TC_AccountRegistrationTest.verify_Account_Registration()[pri:0, instance:qaSDET.testCases.TC_AccountRegistrationTest@3cd3e762]" name="verify_Account_Registration" class="qaSDET.testCases.TC_AccountRegistrationTest"/>
        <method signature="TC_LoginTest.verify_login()[pri:0, instance:qaSDET.testCases.TC_LoginTest@489115ef]" name="verify_login" class="qaSDET.testCases.TC_LoginTest"/>
      </group> <!-- Master -->
      <group name="Sanity">
        <method signature="TC_LoginTest.verify_login()[pri:0, instance:qaSDET.testCases.TC_LoginTest@489115ef]" name="verify_login" class="qaSDET.testCases.TC_LoginTest"/>
      </group> <!-- Sanity -->
      <group name="Regression">
        <method signature="TC_AccountRegistrationTest.verify_Account_Registration()[pri:0, instance:qaSDET.testCases.TC_AccountRegistrationTest@3cd3e762]" name="verify_Account_Registration" class="qaSDET.testCases.TC_AccountRegistrationTest"/>
      </group> <!-- Regression -->
    </groups>
    <test started-at="2025-01-30T17:15:29 IST" name="Test" finished-at="2025-01-30T17:16:35 IST" duration-ms="66758">
      <class name="qaSDET.testCases.TC_LoginTest">
        <test-method is-config="true" signature="setUp(java.lang.String,java.lang.String)[pri:0, instance:qaSDET.testCases.TC_LoginTest@489115ef]" started-at="2025-01-30T17:16:10 IST" name="setUp" finished-at="2025-01-30T17:16:20 IST" duration-ms="10438" status="PASS">
          <params>
            <param index="0">
              <value>
                <![CDATA[Windows]]>
              </value>
            </param>
            <param index="1">
              <value>
                <![CDATA[chrome]]>
              </value>
            </param>
          </params>
          <reporter-output>
          </reporter-output>
        </test-method> <!-- setUp -->
        <test-method signature="verify_login()[pri:0, instance:qaSDET.testCases.TC_LoginTest@489115ef]" started-at="2025-01-30T17:16:20 IST" name="verify_login" finished-at="2025-01-30T17:16:35 IST" duration-ms="14865" status="PASS">
          <reporter-output>
          </reporter-output>
        </test-method> <!-- verify_login -->
        <test-method is-config="true" signature="tearDown()[pri:0, instance:qaSDET.testCases.TC_LoginTest@489115ef]" started-at="2025-01-30T17:16:35 IST" name="tearDown" finished-at="2025-01-30T17:16:35 IST" duration-ms="138" status="PASS">
          <reporter-output>
          </reporter-output>
        </test-method> <!-- tearDown -->
      </class> <!-- qaSDET.testCases.TC_LoginTest -->
      <class name="qaSDET.testCases.TC_AccountRegistrationTest">
        <test-method is-config="true" signature="setUp(java.lang.String,java.lang.String)[pri:0, instance:qaSDET.testCases.TC_AccountRegistrationTest@3cd3e762]" started-at="2025-01-30T17:15:29 IST" name="setUp" finished-at="2025-01-30T17:15:40 IST" duration-ms="10669" status="PASS">
          <params>
            <param index="0">
              <value>
                <![CDATA[Windows]]>
              </value>
            </param>
            <param index="1">
              <value>
                <![CDATA[chrome]]>
              </value>
            </param>
          </params>
          <reporter-output>
          </reporter-output>
        </test-method> <!-- setUp -->
        <test-method signature="verify_Account_Registration()[pri:0, instance:qaSDET.testCases.TC_AccountRegistrationTest@3cd3e762]" started-at="2025-01-30T17:15:40 IST" name="verify_Account_Registration" finished-at="2025-01-30T17:16:10 IST" duration-ms="30088" status="FAIL">
          <exception class="java.lang.AssertionError">
            <message>
              <![CDATA[null]]>
            </message>
            <full-stacktrace>
              <![CDATA[java.lang.AssertionError: null
at org.testng.Assert.fail(Assert.java:99)
at org.testng.Assert.fail(Assert.java:106)
at qaSDET.testCases.TC_AccountRegistrationTest.verify_Account_Registration(TC_AccountRegistrationTest.java:56)
at java.base/jdk.internal.reflect.DirectMethodHandleAccessor.invoke(DirectMethodHandleAccessor.java:103)
at java.base/java.lang.reflect.Method.invoke(Method.java:580)
at org.testng.internal.MethodInvocationHelper.invokeMethod(MethodInvocationHelper.java:133)
at org.testng.internal.TestInvoker.invokeMethod(TestInvoker.java:598)
at org.testng.internal.TestInvoker.invokeTestMethod(TestInvoker.java:173)
at org.testng.internal.MethodRunner.runInSequence(MethodRunner.java:46)
at org.testng.internal.TestInvoker$MethodInvocationAgent.invoke(TestInvoker.java:824)
at org.testng.internal.TestInvoker.invokeTestMethods(TestInvoker.java:146)
at org.testng.internal.TestMethodWorker.invokeTestMethods(TestMethodWorker.java:146)
at org.testng.internal.TestMethodWorker.run(TestMethodWorker.java:128)
at java.base/java.util.ArrayList.forEach(ArrayList.java:1597)
at org.testng.TestRunner.privateRun(TestRunner.java:794)
at org.testng.TestRunner.run(TestRunner.java:596)
at org.testng.SuiteRunner.runTest(SuiteRunner.java:377)
at org.testng.SuiteRunner.runSequentially(SuiteRunner.java:371)
at org.testng.SuiteRunner.privateRun(SuiteRunner.java:332)
at org.testng.SuiteRunner.run(SuiteRunner.java:276)
at org.testng.SuiteRunnerWorker.runSuite(SuiteRunnerWorker.java:53)
at org.testng.SuiteRunnerWorker.run(SuiteRunnerWorker.java:96)
at org.testng.TestNG.runSuitesSequentially(TestNG.java:1212)
at org.testng.TestNG.runSuitesLocally(TestNG.java:1134)
at org.testng.TestNG.runSuites(TestNG.java:1063)
at org.testng.TestNG.run(TestNG.java:1031)
at org.testng.remote.AbstractRemoteTestNG.run(AbstractRemoteTestNG.java:115)
at org.testng.remote.RemoteTestNG.initAndRun(RemoteTestNG.java:293)
at org.testng.remote.RemoteTestNG.main(RemoteTestNG.java:91)
]]>
            </full-stacktrace>
          </exception> <!-- java.lang.AssertionError -->
          <reporter-output>
          </reporter-output>
        </test-method> <!-- verify_Account_Registration -->
        <test-method is-config="true" signature="tearDown()[pri:0, instance:qaSDET.testCases.TC_AccountRegistrationTest@3cd3e762]" started-at="2025-01-30T17:16:10 IST" name="tearDown" finished-at="2025-01-30T17:16:10 IST" duration-ms="205" status="PASS">
          <reporter-output>
          </reporter-output>
        </test-method> <!-- tearDown -->
      </class> <!-- qaSDET.testCases.TC_AccountRegistrationTest -->
    </test> <!-- Test -->
  </suite> <!-- Master Suite -->
</testng-results>
