<?xml version="1.0" encoding="UTF-8"?>
<testng-results ignored="0" total="2" passed="2" failed="0" skipped="0">
  <reporter-output>
  </reporter-output>
  <suite started-at="2025-01-22T13:30:40 IST" name="Master Suite" finished-at="2025-01-22T13:32:13 IST" duration-ms="93618">
    <groups>
      <group name="Master">
        <method signature="TC_AccountRegistrationTest.verify_Account_Registration()[pri:0, instance:testCases.TC_AccountRegistrationTest@dd05255]" name="verify_Account_Registration" class="testCases.TC_AccountRegistrationTest"/>
        <method signature="TC_LoginTest.verify_login()[pri:0, instance:testCases.TC_LoginTest@139982de]" name="verify_login" class="testCases.TC_LoginTest"/>
      </group> <!-- Master -->
      <group name="Sanity">
        <method signature="TC_LoginTest.verify_login()[pri:0, instance:testCases.TC_LoginTest@139982de]" name="verify_login" class="testCases.TC_LoginTest"/>
      </group> <!-- Sanity -->
      <group name="Regression">
        <method signature="TC_AccountRegistrationTest.verify_Account_Registration()[pri:0, instance:testCases.TC_AccountRegistrationTest@dd05255]" name="verify_Account_Registration" class="testCases.TC_AccountRegistrationTest"/>
      </group> <!-- Regression -->
    </groups>
    <test started-at="2025-01-22T13:30:40 IST" name="Test" finished-at="2025-01-22T13:32:13 IST" duration-ms="93618">
      <class name="testCases.TC_AccountRegistrationTest">
        <test-method is-config="true" signature="setUp(java.lang.String,java.lang.String)[pri:0, instance:testCases.TC_AccountRegistrationTest@dd05255]" started-at="2025-01-22T13:30:40 IST" name="setUp" finished-at="2025-01-22T13:31:20 IST" duration-ms="39870" status="PASS">
          <params>
            <param index="0">
              <value>
                <![CDATA[Windows]]>
              </value>
            </param>
            <param index="1">
              <value>
                <![CDATA[chrome]]>
              </value>
            </param>
          </params>
          <reporter-output>
          </reporter-output>
        </test-method> <!-- setUp -->
        <test-method signature="verify_Account_Registration()[pri:0, instance:testCases.TC_AccountRegistrationTest@dd05255]" started-at="2025-01-22T13:31:20 IST" name="verify_Account_Registration" finished-at="2025-01-22T13:31:22 IST" duration-ms="2166" status="PASS">
          <reporter-output>
          </reporter-output>
        </test-method> <!-- verify_Account_Registration -->
        <test-method is-config="true" signature="tearDown()[pri:0, instance:testCases.TC_AccountRegistrationTest@dd05255]" started-at="2025-01-22T13:31:22 IST" name="tearDown" finished-at="2025-01-22T13:31:22 IST" duration-ms="129" status="PASS">
          <reporter-output>
          </reporter-output>
        </test-method> <!-- tearDown -->
      </class> <!-- testCases.TC_AccountRegistrationTest -->
      <class name="testCases.TC_LoginTest">
        <test-method is-config="true" signature="setUp(java.lang.String,java.lang.String)[pri:0, instance:testCases.TC_LoginTest@139982de]" started-at="2025-01-22T13:31:22 IST" name="setUp" finished-at="2025-01-22T13:32:10 IST" duration-ms="48233" status="PASS">
          <params>
            <param index="0">
              <value>
                <![CDATA[Windows]]>
              </value>
            </param>
            <param index="1">
              <value>
                <![CDATA[chrome]]>
              </value>
            </param>
          </params>
          <reporter-output>
          </reporter-output>
        </test-method> <!-- setUp -->
        <test-method signature="verify_login()[pri:0, instance:testCases.TC_LoginTest@139982de]" started-at="2025-01-22T13:32:10 IST" name="verify_login" finished-at="2025-01-22T13:32:13 IST" duration-ms="2588" status="PASS">
          <reporter-output>
          </reporter-output>
        </test-method> <!-- verify_login -->
        <test-method is-config="true" signature="tearDown()[pri:0, instance:testCases.TC_LoginTest@139982de]" started-at="2025-01-22T13:32:13 IST" name="tearDown" finished-at="2025-01-22T13:32:13 IST" duration-ms="243" status="PASS">
          <reporter-output>
          </reporter-output>
        </test-method> <!-- tearDown -->
      </class> <!-- testCases.TC_LoginTest -->
    </test> <!-- Test -->
  </suite> <!-- Master Suite -->
</testng-results>
